<?xml version="1.0" encoding="UTF-8"?>
<coverage generated="1697740821065" clover="3.2.0">
  <project timestamp="1697740821066" name="All files">
    <metrics statements="143" coveredstatements="133" conditionals="38" coveredconditionals="34" methods="77" coveredmethods="67" elements="258" coveredelements="234" complexity="0" loc="143" ncloc="143" packages="8" files="12" classes="12"/>
    <package name="Assets">
      <metrics statements="1" coveredstatements="1" conditionals="0" coveredconditionals="0" methods="0" coveredmethods="0"/>
      <file name="Assets.ts" path="/Users/22060947/Documents/Private/App/atask/my-app/src/Assets/Assets.ts">
        <metrics statements="1" coveredstatements="1" conditionals="0" coveredconditionals="0" methods="0" coveredmethods="0"/>
        <line num="4" count="2" type="stmt"/>
      </file>
    </package>
    <package name="Components.CardComponent">
      <metrics statements="20" coveredstatements="20" conditionals="6" coveredconditionals="4" methods="9" coveredmethods="9"/>
      <file name="Card.Component.styles.tsx" path="/Users/22060947/Documents/Private/App/atask/my-app/src/Components/CardComponent/Card.Component.styles.tsx">
        <metrics statements="1" coveredstatements="1" conditionals="0" coveredconditionals="0" methods="0" coveredmethods="0"/>
        <line num="5" count="2" type="stmt"/>
      </file>
      <file name="Card.Component.tsx" path="/Users/22060947/Documents/Private/App/atask/my-app/src/Components/CardComponent/Card.Component.tsx">
        <metrics statements="19" coveredstatements="19" conditionals="6" coveredconditionals="4" methods="9" coveredmethods="9"/>
        <line num="9" count="2" type="stmt"/>
        <line num="10" count="45" type="cond" truecount="1" falsecount="1"/>
        <line num="11" count="45" type="cond" truecount="1" falsecount="1"/>
        <line num="16" count="2" type="stmt"/>
        <line num="17" count="45" type="stmt"/>
        <line num="20" count="2" type="stmt"/>
        <line num="21" count="45" type="stmt"/>
        <line num="32" count="2" type="stmt"/>
        <line num="33" count="45" type="stmt"/>
        <line num="46" count="2" type="stmt"/>
        <line num="47" count="45" type="stmt"/>
        <line num="60" count="2" type="stmt"/>
        <line num="61" count="45" type="stmt"/>
        <line num="67" count="2" type="stmt"/>
        <line num="68" count="1" type="stmt"/>
        <line num="77" count="2" type="stmt"/>
        <line num="78" count="45" type="stmt"/>
        <line num="84" count="2" type="stmt"/>
        <line num="85" count="45" type="stmt"/>
      </file>
    </package>
    <package name="Components.FallbackComponent">
      <metrics statements="2" coveredstatements="1" conditionals="0" coveredconditionals="0" methods="1" coveredmethods="0"/>
      <file name="Fallback.Component.tsx" path="/Users/22060947/Documents/Private/App/atask/my-app/src/Components/FallbackComponent/Fallback.Component.tsx">
        <metrics statements="2" coveredstatements="1" conditionals="0" coveredconditionals="0" methods="1" coveredmethods="0"/>
        <line num="4" count="1" type="stmt"/>
        <line num="5" count="0" type="stmt"/>
      </file>
    </package>
    <package name="Constants">
      <metrics statements="4" coveredstatements="4" conditionals="0" coveredconditionals="0" methods="0" coveredmethods="0"/>
      <file name="Constants.ts" path="/Users/22060947/Documents/Private/App/atask/my-app/src/Constants/Constants.ts">
        <metrics statements="4" coveredstatements="4" conditionals="0" coveredconditionals="0" methods="0" coveredmethods="0"/>
        <line num="1" count="4" type="stmt"/>
        <line num="9" count="4" type="stmt"/>
        <line num="15" count="4" type="stmt"/>
        <line num="20" count="4" type="stmt"/>
      </file>
    </package>
    <package name="Containers.Intro">
      <metrics statements="38" coveredstatements="33" conditionals="10" coveredconditionals="8" methods="22" coveredmethods="18"/>
      <file name="Intro.Component.styles.tsx" path="/Users/22060947/Documents/Private/App/atask/my-app/src/Containers/Intro/Intro.Component.styles.tsx">
        <metrics statements="1" coveredstatements="1" conditionals="0" coveredconditionals="0" methods="0" coveredmethods="0"/>
        <line num="4" count="2" type="stmt"/>
      </file>
      <file name="Intro.Component.tsx" path="/Users/22060947/Documents/Private/App/atask/my-app/src/Containers/Intro/Intro.Component.tsx">
        <metrics statements="37" coveredstatements="32" conditionals="10" coveredconditionals="8" methods="22" coveredmethods="18"/>
        <line num="22" count="2" type="stmt"/>
        <line num="24" count="2" type="stmt"/>
        <line num="25" count="10" type="stmt"/>
        <line num="30" count="2" type="stmt"/>
        <line num="31" count="12" type="stmt"/>
        <line num="36" count="1" type="stmt"/>
        <line num="42" count="1" type="stmt"/>
        <line num="49" count="2" type="stmt"/>
        <line num="50" count="12" type="stmt"/>
        <line num="55" count="2" type="stmt"/>
        <line num="56" count="12" type="stmt"/>
        <line num="61" count="2" type="stmt"/>
        <line num="62" count="0" type="stmt"/>
        <line num="77" count="2" type="stmt"/>
        <line num="78" count="5" type="stmt"/>
        <line num="79" count="5" type="stmt"/>
        <line num="80" count="0" type="stmt"/>
        <line num="82" count="2" type="stmt"/>
        <line num="83" count="2" type="stmt"/>
        <line num="89" count="2" type="stmt"/>
        <line num="90" count="0" type="stmt"/>
        <line num="92" count="2" type="stmt"/>
        <line num="93" count="14" type="stmt"/>
        <line num="97" count="12" type="stmt"/>
        <line num="98" count="2" type="stmt"/>
        <line num="100" count="12" type="stmt"/>
        <line num="101" count="2" type="stmt"/>
        <line num="102" count="2" type="cond" truecount="1" falsecount="1"/>
        <line num="104" count="0" type="stmt"/>
        <line num="107" count="12" type="stmt"/>
        <line num="108" count="5" type="stmt"/>
        <line num="109" count="5" type="stmt"/>
        <line num="110" count="0" type="stmt"/>
        <line num="113" count="12" type="stmt"/>
        <line num="114" count="7" type="cond" truecount="2" falsecount="0"/>
        <line num="116" count="2" type="stmt"/>
        <line num="119" count="12" type="stmt"/>
      </file>
    </package>
    <package name="Containers.Todos">
      <metrics statements="65" coveredstatements="61" conditionals="16" coveredconditionals="16" methods="37" coveredmethods="34"/>
      <file name="Todos.Component.config.tsx" path="/Users/22060947/Documents/Private/App/atask/my-app/src/Containers/Todos/Todos.Component.config.tsx">
        <metrics statements="1" coveredstatements="1" conditionals="0" coveredconditionals="0" methods="0" coveredmethods="0"/>
        <line num="1" count="1" type="stmt"/>
      </file>
      <file name="Todos.Component.tsx" path="/Users/22060947/Documents/Private/App/atask/my-app/src/Containers/Todos/Todos.Component.tsx">
        <metrics statements="62" coveredstatements="58" conditionals="14" coveredconditionals="14" methods="36" coveredmethods="33"/>
        <line num="39" count="1" type="stmt"/>
        <line num="40" count="12" type="stmt"/>
        <line num="50" count="1" type="stmt"/>
        <line num="54" count="24" type="stmt"/>
        <line num="55" count="24" type="cond" truecount="2" falsecount="0"/>
        <line num="56" count="24" type="stmt"/>
        <line num="58" count="24" type="stmt"/>
        <line num="59" count="6" type="cond" truecount="2" falsecount="0"/>
        <line num="68" count="24" type="stmt"/>
        <line num="69" count="4" type="stmt"/>
        <line num="76" count="24" type="stmt"/>
        <line num="77" count="2" type="stmt"/>
        <line num="78" count="2" type="stmt"/>
        <line num="81" count="24" type="stmt"/>
        <line num="89" count="2" type="stmt"/>
        <line num="98" count="2" type="stmt"/>
        <line num="107" count="2" type="stmt"/>
        <line num="131" count="1" type="stmt"/>
        <line num="134" count="24" type="stmt"/>
        <line num="146" count="1" type="stmt"/>
        <line num="147" count="24" type="stmt"/>
        <line num="149" count="24" type="stmt"/>
        <line num="150" count="0" type="stmt"/>
        <line num="151" count="0" type="stmt"/>
        <line num="152" count="0" type="stmt"/>
        <line num="153" count="0" type="stmt"/>
        <line num="157" count="24" type="stmt"/>
        <line num="165" count="1" type="stmt"/>
        <line num="171" count="24" type="stmt"/>
        <line num="176" count="45" type="stmt"/>
        <line num="178" count="40" type="stmt"/>
        <line num="183" count="1" type="stmt"/>
        <line num="184" count="1" type="stmt"/>
        <line num="197" count="1" type="stmt"/>
        <line num="203" count="24" type="stmt"/>
        <line num="208" count="1" type="stmt"/>
        <line num="209" count="24" type="stmt"/>
        <line num="229" count="1" type="stmt"/>
        <line num="230" count="12" type="stmt"/>
        <line num="246" count="1" type="stmt"/>
        <line num="247" count="25" type="stmt"/>
        <line num="248" count="24" type="stmt"/>
        <line num="249" count="24" type="stmt"/>
        <line num="250" count="24" type="stmt"/>
        <line num="252" count="24" type="stmt"/>
        <line num="253" count="2" type="stmt"/>
        <line num="254" count="2" type="stmt"/>
        <line num="257" count="24" type="stmt"/>
        <line num="258" count="2" type="cond" truecount="2" falsecount="0"/>
        <line num="259" count="2" type="cond" truecount="2" falsecount="0"/>
        <line num="260" count="2" type="stmt"/>
        <line num="263" count="24" type="stmt"/>
        <line num="264" count="1" type="stmt"/>
        <line num="266" count="24" type="stmt"/>
        <line num="267" count="1" type="stmt"/>
        <line num="268" count="1" type="stmt"/>
        <line num="271" count="24" type="stmt"/>
        <line num="272" count="10" type="stmt"/>
        <line num="273" count="10" type="stmt"/>
        <line num="276" count="24" type="stmt"/>
        <line num="277" count="10" type="stmt"/>
        <line num="280" count="24" type="stmt"/>
      </file>
      <file name="Todos.Styles.tsx" path="/Users/22060947/Documents/Private/App/atask/my-app/src/Containers/Todos/Todos.Styles.tsx">
        <metrics statements="2" coveredstatements="2" conditionals="2" coveredconditionals="2" methods="1" coveredmethods="1"/>
        <line num="10" count="1" type="stmt"/>
        <line num="60" count="24" type="stmt"/>
      </file>
    </package>
    <package name="Utils">
      <metrics statements="3" coveredstatements="3" conditionals="0" coveredconditionals="0" methods="3" coveredmethods="1"/>
      <file name="platform.utils.ts" path="/Users/22060947/Documents/Private/App/atask/my-app/src/Utils/platform.utils.ts">
        <metrics statements="3" coveredstatements="3" conditionals="0" coveredconditionals="0" methods="3" coveredmethods="1"/>
        <line num="5" count="2" type="stmt"/>
        <line num="6" count="2" type="stmt"/>
        <line num="7" count="2" type="stmt"/>
      </file>
    </package>
    <package name="Utils.Size">
      <metrics statements="10" coveredstatements="10" conditionals="6" coveredconditionals="6" methods="5" coveredmethods="5"/>
      <file name="size.utils.ts" path="/Users/22060947/Documents/Private/App/atask/my-app/src/Utils/Size/size.utils.ts">
        <metrics statements="10" coveredstatements="10" conditionals="6" coveredconditionals="6" methods="5" coveredmethods="5"/>
        <line num="6" count="3" type="stmt"/>
        <line num="8" count="3" type="stmt"/>
        <line num="15" count="3" type="stmt"/>
        <line num="20" count="3" type="stmt"/>
        <line num="21" count="3" type="stmt"/>
        <line num="22" count="7" type="stmt"/>
        <line num="26" count="145" type="cond" truecount="2" falsecount="0"/>
        <line num="29" count="6" type="cond" truecount="2" falsecount="0"/>
        <line num="32" count="113" type="cond" truecount="2" falsecount="0"/>
        <line num="35" count="3" type="stmt"/>
      </file>
    </package>
  </project>
</coverage>
