{"/Users/22060947/Documents/Private/App/atask/my-app/src/Assets/Assets.ts": {"path":"/Users/22060947/Documents/Private/App/atask/my-app/src/Assets/Assets.ts","statementMap":{"0":{"start":{"line":4,"column":15},"end":{"line":9,"column":1}}},"fnMap":{},"branchMap":{},"s":{"0":2},"f":{},"b":{},"_coverageSchema":"1a1c01bbd47fc00a2c39e90264f33305004495a9","hash":"e561d6d2144ace75180be97c80238248637846dd"}
,"/Users/22060947/Documents/Private/App/atask/my-app/src/Components/CardComponent/Card.Component.styles.tsx": {"path":"/Users/22060947/Documents/Private/App/atask/my-app/src/Components/CardComponent/Card.Component.styles.tsx","statementMap":{"0":{"start":{"line":5,"column":15},"end":{"line":29,"column":2}}},"fnMap":{},"branchMap":{},"s":{"0":2},"f":{},"b":{},"_coverageSchema":"1a1c01bbd47fc00a2c39e90264f33305004495a9","hash":"7ae555b227f72fb125d1008b99e3181052c13239"}
,"/Users/22060947/Documents/Private/App/atask/my-app/src/Components/CardComponent/Card.Component.tsx": {"path":"/Users/22060947/Documents/Private/App/atask/my-app/src/Components/CardComponent/Card.Component.tsx","statementMap":{"0":{"start":{"line":9,"column":21},"end":{"line":14,"column":1}},"1":{"start":{"line":10,"column":22},"end":{"line":10,"column":34}},"2":{"start":{"line":11,"column":2},"end":{"line":13,"column":13}},"3":{"start":{"line":16,"column":27},"end":{"line":18,"column":1}},"4":{"start":{"line":17,"column":2},"end":{"line":17,"column":79}},"5":{"start":{"line":20,"column":20},"end":{"line":30,"column":1}},"6":{"start":{"line":21,"column":2},"end":{"line":29,"column":9}},"7":{"start":{"line":32,"column":26},"end":{"line":44,"column":1}},"8":{"start":{"line":33,"column":2},"end":{"line":43,"column":21}},"9":{"start":{"line":46,"column":24},"end":{"line":58,"column":1}},"10":{"start":{"line":47,"column":2},"end":{"line":57,"column":21}},"11":{"start":{"line":60,"column":21},"end":{"line":65,"column":1}},"12":{"start":{"line":61,"column":2},"end":{"line":64,"column":9}},"13":{"start":{"line":67,"column":22},"end":{"line":75,"column":1}},"14":{"start":{"line":68,"column":2},"end":{"line":74,"column":4}},"15":{"start":{"line":77,"column":23},"end":{"line":82,"column":1}},"16":{"start":{"line":78,"column":2},"end":{"line":81,"column":9}},"17":{"start":{"line":84,"column":39},"end":{"line":89,"column":1}},"18":{"start":{"line":85,"column":2},"end":{"line":88,"column":9}}},"fnMap":{"0":{"name":"(anonymous_0)","decl":{"start":{"line":9,"column":21},"end":{"line":9,"column":22}},"loc":{"start":{"line":9,"column":65},"end":{"line":14,"column":1}},"line":9},"1":{"name":"(anonymous_1)","decl":{"start":{"line":16,"column":27},"end":{"line":16,"column":28}},"loc":{"start":{"line":16,"column":62},"end":{"line":18,"column":1}},"line":16},"2":{"name":"(anonymous_2)","decl":{"start":{"line":20,"column":20},"end":{"line":20,"column":21}},"loc":{"start":{"line":21,"column":2},"end":{"line":29,"column":9}},"line":21},"3":{"name":"(anonymous_3)","decl":{"start":{"line":32,"column":26},"end":{"line":32,"column":27}},"loc":{"start":{"line":33,"column":2},"end":{"line":43,"column":21}},"line":33},"4":{"name":"(anonymous_4)","decl":{"start":{"line":46,"column":24},"end":{"line":46,"column":25}},"loc":{"start":{"line":47,"column":2},"end":{"line":57,"column":21}},"line":47},"5":{"name":"(anonymous_5)","decl":{"start":{"line":60,"column":21},"end":{"line":60,"column":22}},"loc":{"start":{"line":61,"column":2},"end":{"line":64,"column":9}},"line":61},"6":{"name":"(anonymous_6)","decl":{"start":{"line":67,"column":22},"end":{"line":67,"column":23}},"loc":{"start":{"line":68,"column":2},"end":{"line":74,"column":4}},"line":68},"7":{"name":"(anonymous_7)","decl":{"start":{"line":77,"column":23},"end":{"line":77,"column":24}},"loc":{"start":{"line":78,"column":2},"end":{"line":81,"column":9}},"line":78},"8":{"name":"(anonymous_8)","decl":{"start":{"line":84,"column":39},"end":{"line":84,"column":40}},"loc":{"start":{"line":85,"column":2},"end":{"line":88,"column":9}},"line":85}},"branchMap":{"0":{"loc":{"start":{"line":10,"column":22},"end":{"line":10,"column":34}},"type":"binary-expr","locations":[{"start":{"line":10,"column":22},"end":{"line":10,"column":27}},{"start":{"line":10,"column":31},"end":{"line":10,"column":34}}],"line":10},"1":{"loc":{"start":{"line":11,"column":9},"end":{"line":13,"column":12}},"type":"cond-expr","locations":[{"start":{"line":12,"column":6},"end":{"line":12,"column":50}},{"start":{"line":13,"column":6},"end":{"line":13,"column":12}}],"line":11},"2":{"loc":{"start":{"line":86,"column":5},"end":{"line":86,"column":62}},"type":"binary-expr","locations":[{"start":{"line":86,"column":5},"end":{"line":86,"column":19}},{"start":{"line":86,"column":23},"end":{"line":86,"column":62}}],"line":86}},"s":{"0":2,"1":45,"2":45,"3":2,"4":45,"5":2,"6":45,"7":2,"8":45,"9":2,"10":45,"11":2,"12":45,"13":2,"14":1,"15":2,"16":45,"17":2,"18":45},"f":{"0":45,"1":45,"2":45,"3":45,"4":45,"5":45,"6":1,"7":45,"8":45},"b":{"0":[45,0],"1":[0,45],"2":[45,1]},"_coverageSchema":"1a1c01bbd47fc00a2c39e90264f33305004495a9","hash":"b796f03218909c5f14f936413d465695d533604c"}
,"/Users/22060947/Documents/Private/App/atask/my-app/src/Components/FallbackComponent/Fallback.Component.tsx": {"path":"/Users/22060947/Documents/Private/App/atask/my-app/src/Components/FallbackComponent/Fallback.Component.tsx","statementMap":{"0":{"start":{"line":4,"column":26},"end":{"line":6,"column":1}},"1":{"start":{"line":5,"column":2},"end":{"line":5,"column":27}}},"fnMap":{"0":{"name":"(anonymous_0)","decl":{"start":{"line":4,"column":26},"end":{"line":4,"column":27}},"loc":{"start":{"line":4,"column":32},"end":{"line":6,"column":1}},"line":4}},"branchMap":{},"s":{"0":1,"1":0},"f":{"0":0},"b":{},"_coverageSchema":"1a1c01bbd47fc00a2c39e90264f33305004495a9","hash":"ad020635b75b8862be69037941003b7830c9832a"}
,"/Users/22060947/Documents/Private/App/atask/my-app/src/Constants/Constants.ts": {"path":"/Users/22060947/Documents/Private/App/atask/my-app/src/Constants/Constants.ts","statementMap":{"0":{"start":{"line":1,"column":15},"end":{"line":7,"column":1}},"1":{"start":{"line":9,"column":17},"end":{"line":13,"column":1}},"2":{"start":{"line":15,"column":23},"end":{"line":18,"column":1}},"3":{"start":{"line":20,"column":18},"end":{"line":24,"column":1}}},"fnMap":{},"branchMap":{},"s":{"0":4,"1":4,"2":4,"3":4},"f":{},"b":{},"_coverageSchema":"1a1c01bbd47fc00a2c39e90264f33305004495a9","hash":"d06ca670124a328e3242da56f0460b304ac6387f"}
,"/Users/22060947/Documents/Private/App/atask/my-app/src/Containers/Intro/Intro.Component.styles.tsx": {"path":"/Users/22060947/Documents/Private/App/atask/my-app/src/Containers/Intro/Intro.Component.styles.tsx","statementMap":{"0":{"start":{"line":4,"column":15},"end":{"line":19,"column":2}}},"fnMap":{},"branchMap":{},"s":{"0":2},"f":{},"b":{},"_coverageSchema":"1a1c01bbd47fc00a2c39e90264f33305004495a9","hash":"579dd5a113266b868c216450f1b1b5df2c8a9738"}
,"/Users/22060947/Documents/Private/App/atask/my-app/src/Containers/Intro/Intro.Component.tsx": {"path":"/Users/22060947/Documents/Private/App/atask/my-app/src/Containers/Intro/Intro.Component.tsx","statementMap":{"0":{"start":{"line":22,"column":4},"end":{"line":22,"column":13}},"1":{"start":{"line":24,"column":20},"end":{"line":28,"column":1}},"2":{"start":{"line":25,"column":2},"end":{"line":27,"column":21}},"3":{"start":{"line":30,"column":27},"end":{"line":47,"column":1}},"4":{"start":{"line":31,"column":2},"end":{"line":46,"column":4}},"5":{"start":{"line":36,"column":16},"end":{"line":36,"column":43}},"6":{"start":{"line":42,"column":16},"end":{"line":42,"column":41}},"7":{"start":{"line":49,"column":21},"end":{"line":53,"column":1}},"8":{"start":{"line":50,"column":2},"end":{"line":52,"column":9}},"9":{"start":{"line":55,"column":24},"end":{"line":59,"column":1}},"10":{"start":{"line":56,"column":2},"end":{"line":58,"column":9}},"11":{"start":{"line":61,"column":29},"end":{"line":75,"column":1}},"12":{"start":{"line":62,"column":2},"end":{"line":74,"column":4}},"13":{"start":{"line":77,"column":22},"end":{"line":80,"column":24}},"14":{"start":{"line":78,"column":2},"end":{"line":80,"column":24}},"15":{"start":{"line":79,"column":19},"end":{"line":79,"column":22}},"16":{"start":{"line":80,"column":20},"end":{"line":80,"column":23}},"17":{"start":{"line":82,"column":24},"end":{"line":90,"column":24}},"18":{"start":{"line":83,"column":2},"end":{"line":90,"column":24}},"19":{"start":{"line":89,"column":23},"end":{"line":89,"column":30}},"20":{"start":{"line":90,"column":20},"end":{"line":90,"column":23}},"21":{"start":{"line":92,"column":23},"end":{"line":136,"column":1}},"22":{"start":{"line":93,"column":36},"end":{"line":96,"column":4}},"23":{"start":{"line":97,"column":33},"end":{"line":98,"column":57}},"24":{"start":{"line":98,"column":4},"end":{"line":98,"column":57}},"25":{"start":{"line":98,"column":28},"end":{"line":98,"column":55}},"26":{"start":{"line":100,"column":22},"end":{"line":105,"column":3}},"27":{"start":{"line":101,"column":31},"end":{"line":101,"column":54}},"28":{"start":{"line":102,"column":4},"end":{"line":102,"column":55}},"29":{"start":{"line":102,"column":17},"end":{"line":102,"column":55}},"30":{"start":{"line":104,"column":4},"end":{"line":104,"column":24}},"31":{"start":{"line":107,"column":2},"end":{"line":111,"column":9}},"32":{"start":{"line":108,"column":4},"end":{"line":110,"column":40}},"33":{"start":{"line":109,"column":21},"end":{"line":109,"column":74}},"34":{"start":{"line":109,"column":45},"end":{"line":109,"column":72}},"35":{"start":{"line":110,"column":22},"end":{"line":110,"column":38}},"36":{"start":{"line":113,"column":2},"end":{"line":117,"column":27}},"37":{"start":{"line":114,"column":4},"end":{"line":114,"column":36}},"38":{"start":{"line":114,"column":29},"end":{"line":114,"column":36}},"39":{"start":{"line":116,"column":4},"end":{"line":116,"column":18}},"40":{"start":{"line":119,"column":2},"end":{"line":135,"column":4}}},"fnMap":{"0":{"name":"(anonymous_0)","decl":{"start":{"line":24,"column":20},"end":{"line":24,"column":21}},"loc":{"start":{"line":25,"column":2},"end":{"line":27,"column":21}},"line":25},"1":{"name":"(anonymous_1)","decl":{"start":{"line":30,"column":27},"end":{"line":30,"column":28}},"loc":{"start":{"line":30,"column":62},"end":{"line":47,"column":1}},"line":30},"2":{"name":"(anonymous_2)","decl":{"start":{"line":36,"column":10},"end":{"line":36,"column":11}},"loc":{"start":{"line":36,"column":16},"end":{"line":36,"column":43}},"line":36},"3":{"name":"(anonymous_3)","decl":{"start":{"line":42,"column":10},"end":{"line":42,"column":11}},"loc":{"start":{"line":42,"column":16},"end":{"line":42,"column":41}},"line":42},"4":{"name":"(anonymous_4)","decl":{"start":{"line":49,"column":21},"end":{"line":49,"column":22}},"loc":{"start":{"line":50,"column":2},"end":{"line":52,"column":9}},"line":50},"5":{"name":"(anonymous_5)","decl":{"start":{"line":55,"column":24},"end":{"line":55,"column":25}},"loc":{"start":{"line":56,"column":2},"end":{"line":58,"column":9}},"line":56},"6":{"name":"(anonymous_6)","decl":{"start":{"line":61,"column":29},"end":{"line":61,"column":30}},"loc":{"start":{"line":62,"column":2},"end":{"line":74,"column":4}},"line":62},"7":{"name":"(anonymous_7)","decl":{"start":{"line":77,"column":22},"end":{"line":77,"column":23}},"loc":{"start":{"line":78,"column":2},"end":{"line":80,"column":24}},"line":78},"8":{"name":"(anonymous_8)","decl":{"start":{"line":79,"column":10},"end":{"line":79,"column":11}},"loc":{"start":{"line":79,"column":19},"end":{"line":79,"column":22}},"line":79},"9":{"name":"(anonymous_9)","decl":{"start":{"line":80,"column":11},"end":{"line":80,"column":12}},"loc":{"start":{"line":80,"column":20},"end":{"line":80,"column":23}},"line":80},"10":{"name":"(anonymous_10)","decl":{"start":{"line":82,"column":24},"end":{"line":82,"column":25}},"loc":{"start":{"line":83,"column":2},"end":{"line":90,"column":24}},"line":83},"11":{"name":"(anonymous_11)","decl":{"start":{"line":89,"column":10},"end":{"line":89,"column":11}},"loc":{"start":{"line":89,"column":23},"end":{"line":89,"column":30}},"line":89},"12":{"name":"(anonymous_12)","decl":{"start":{"line":90,"column":11},"end":{"line":90,"column":12}},"loc":{"start":{"line":90,"column":20},"end":{"line":90,"column":23}},"line":90},"13":{"name":"(anonymous_13)","decl":{"start":{"line":92,"column":23},"end":{"line":92,"column":24}},"loc":{"start":{"line":92,"column":50},"end":{"line":136,"column":1}},"line":92},"14":{"name":"(anonymous_14)","decl":{"start":{"line":97,"column":33},"end":{"line":97,"column":34}},"loc":{"start":{"line":98,"column":4},"end":{"line":98,"column":57}},"line":98},"15":{"name":"(anonymous_15)","decl":{"start":{"line":98,"column":17},"end":{"line":98,"column":18}},"loc":{"start":{"line":98,"column":28},"end":{"line":98,"column":55}},"line":98},"16":{"name":"(anonymous_16)","decl":{"start":{"line":100,"column":22},"end":{"line":100,"column":23}},"loc":{"start":{"line":100,"column":34},"end":{"line":105,"column":3}},"line":100},"17":{"name":"(anonymous_17)","decl":{"start":{"line":107,"column":12},"end":{"line":107,"column":13}},"loc":{"start":{"line":107,"column":18},"end":{"line":111,"column":3}},"line":107},"18":{"name":"(anonymous_18)","decl":{"start":{"line":109,"column":12},"end":{"line":109,"column":13}},"loc":{"start":{"line":109,"column":21},"end":{"line":109,"column":74}},"line":109},"19":{"name":"(anonymous_19)","decl":{"start":{"line":109,"column":34},"end":{"line":109,"column":35}},"loc":{"start":{"line":109,"column":45},"end":{"line":109,"column":72}},"line":109},"20":{"name":"(anonymous_20)","decl":{"start":{"line":110,"column":13},"end":{"line":110,"column":14}},"loc":{"start":{"line":110,"column":22},"end":{"line":110,"column":38}},"line":110},"21":{"name":"(anonymous_21)","decl":{"start":{"line":113,"column":12},"end":{"line":113,"column":13}},"loc":{"start":{"line":113,"column":18},"end":{"line":117,"column":3}},"line":113}},"branchMap":{"0":{"loc":{"start":{"line":33,"column":7},"end":{"line":38,"column":9}},"type":"binary-expr","locations":[{"start":{"line":33,"column":7},"end":{"line":33,"column":48}},{"start":{"line":34,"column":8},"end":{"line":38,"column":9}}],"line":33},"1":{"loc":{"start":{"line":39,"column":7},"end":{"line":44,"column":9}},"type":"binary-expr","locations":[{"start":{"line":39,"column":7},"end":{"line":39,"column":46}},{"start":{"line":40,"column":8},"end":{"line":44,"column":9}}],"line":39},"2":{"loc":{"start":{"line":102,"column":4},"end":{"line":102,"column":55}},"type":"if","locations":[{"start":{"line":102,"column":4},"end":{"line":102,"column":55}},{"start":{},"end":{}}],"line":102},"3":{"loc":{"start":{"line":114,"column":4},"end":{"line":114,"column":36}},"type":"if","locations":[{"start":{"line":114,"column":4},"end":{"line":114,"column":36}},{"start":{},"end":{}}],"line":114},"4":{"loc":{"start":{"line":123,"column":18},"end":{"line":123,"column":62}},"type":"cond-expr","locations":[{"start":{"line":123,"column":42},"end":{"line":123,"column":51}},{"start":{"line":123,"column":54},"end":{"line":123,"column":62}}],"line":123}},"s":{"0":2,"1":2,"2":10,"3":2,"4":12,"5":1,"6":1,"7":2,"8":12,"9":2,"10":12,"11":2,"12":0,"13":2,"14":5,"15":5,"16":0,"17":2,"18":2,"19":2,"20":0,"21":2,"22":14,"23":12,"24":2,"25":2,"26":12,"27":2,"28":2,"29":2,"30":0,"31":12,"32":5,"33":5,"34":5,"35":0,"36":12,"37":7,"38":5,"39":2,"40":12},"f":{"0":10,"1":12,"2":1,"3":1,"4":12,"5":12,"6":0,"7":5,"8":5,"9":0,"10":2,"11":2,"12":0,"13":14,"14":2,"15":2,"16":2,"17":5,"18":5,"19":5,"20":0,"21":7},"b":{"0":[12,5],"1":[12,5],"2":[2,0],"3":[5,2],"4":[12,0]},"_coverageSchema":"1a1c01bbd47fc00a2c39e90264f33305004495a9","hash":"c81ed956d9cd7e7c1b54c0b18211996e09eda627"}
,"/Users/22060947/Documents/Private/App/atask/my-app/src/Containers/Todos/Todos.Component.config.tsx": {"path":"/Users/22060947/Documents/Private/App/atask/my-app/src/Containers/Todos/Todos.Component.config.tsx","statementMap":{"0":{"start":{"line":1,"column":21},"end":{"line":6,"column":1}}},"fnMap":{},"branchMap":{},"s":{"0":1},"f":{},"b":{},"_coverageSchema":"1a1c01bbd47fc00a2c39e90264f33305004495a9","hash":"ec6a9c6393acd7950a278edee85d5feff65a3ceb"}
,"/Users/22060947/Documents/Private/App/atask/my-app/src/Containers/Todos/Todos.Component.tsx": {"path":"/Users/22060947/Documents/Private/App/atask/my-app/src/Containers/Todos/Todos.Component.tsx","statementMap":{"0":{"start":{"line":39,"column":24},"end":{"line":43,"column":1}},"1":{"start":{"line":40,"column":2},"end":{"line":42,"column":29}},"2":{"start":{"line":40,"column":43},"end":{"line":40,"column":61}},"3":{"start":{"line":50,"column":28},"end":{"line":123,"column":1}},"4":{"start":{"line":54,"column":26},"end":{"line":54,"column":65}},"5":{"start":{"line":55,"column":20},"end":{"line":55,"column":52}},"6":{"start":{"line":56,"column":20},"end":{"line":56,"column":31}},"7":{"start":{"line":58,"column":2},"end":{"line":60,"column":18}},"8":{"start":{"line":59,"column":4},"end":{"line":59,"column":41}},"9":{"start":{"line":59,"column":19},"end":{"line":59,"column":41}},"10":{"start":{"line":59,"column":33},"end":{"line":59,"column":39}},"11":{"start":{"line":68,"column":23},"end":{"line":69,"column":50}},"12":{"start":{"line":69,"column":4},"end":{"line":69,"column":50}},"13":{"start":{"line":69,"column":23},"end":{"line":69,"column":48}},"14":{"start":{"line":76,"column":20},"end":{"line":79,"column":3}},"15":{"start":{"line":77,"column":4},"end":{"line":77,"column":15}},"16":{"start":{"line":78,"column":4},"end":{"line":78,"column":32}},"17":{"start":{"line":78,"column":18},"end":{"line":78,"column":30}},"18":{"start":{"line":81,"column":2},"end":{"line":122,"column":4}},"19":{"start":{"line":89,"column":35},"end":{"line":89,"column":63}},"20":{"start":{"line":98,"column":35},"end":{"line":98,"column":69}},"21":{"start":{"line":107,"column":25},"end":{"line":107,"column":40}},"22":{"start":{"line":131,"column":23},"end":{"line":144,"column":2}},"23":{"start":{"line":134,"column":11},"end":{"line":144,"column":1}},"24":{"start":{"line":146,"column":24},"end":{"line":158,"column":1}},"25":{"start":{"line":147,"column":38},"end":{"line":147,"column":59}},"26":{"start":{"line":149,"column":25},"end":{"line":155,"column":8}},"27":{"start":{"line":150,"column":4},"end":{"line":150,"column":24}},"28":{"start":{"line":151,"column":4},"end":{"line":154,"column":13}},"29":{"start":{"line":152,"column":6},"end":{"line":152,"column":18}},"30":{"start":{"line":153,"column":6},"end":{"line":153,"column":27}},"31":{"start":{"line":157,"column":2},"end":{"line":157,"column":79}},"32":{"start":{"line":165,"column":24},"end":{"line":188,"column":1}},"33":{"start":{"line":171,"column":2},"end":{"line":187,"column":4}},"34":{"start":{"line":176,"column":33},"end":{"line":176,"column":38}},"35":{"start":{"line":178,"column":6},"end":{"line":185,"column":8}},"36":{"start":{"line":183,"column":24},"end":{"line":183,"column":41}},"37":{"start":{"line":184,"column":22},"end":{"line":184,"column":34}},"38":{"start":{"line":197,"column":21},"end":{"line":206,"column":1}},"39":{"start":{"line":203,"column":2},"end":{"line":205,"column":10}},"40":{"start":{"line":208,"column":29},"end":{"line":222,"column":1}},"41":{"start":{"line":209,"column":2},"end":{"line":221,"column":9}},"42":{"start":{"line":229,"column":25},"end":{"line":239,"column":1}},"43":{"start":{"line":230,"column":2},"end":{"line":238,"column":13}},"44":{"start":{"line":246,"column":22},"end":{"line":290,"column":1}},"45":{"start":{"line":247,"column":46},"end":{"line":247,"column":76}},"46":{"start":{"line":248,"column":30},"end":{"line":248,"column":58}},"47":{"start":{"line":249,"column":44},"end":{"line":249,"column":62}},"48":{"start":{"line":250,"column":20},"end":{"line":250,"column":31}},"49":{"start":{"line":252,"column":38},"end":{"line":255,"column":3}},"50":{"start":{"line":253,"column":4},"end":{"line":253,"column":39}},"51":{"start":{"line":253,"column":32},"end":{"line":253,"column":37}},"52":{"start":{"line":254,"column":4},"end":{"line":254,"column":79}},"53":{"start":{"line":254,"column":21},"end":{"line":254,"column":76}},"54":{"start":{"line":257,"column":22},"end":{"line":261,"column":3}},"55":{"start":{"line":258,"column":15},"end":{"line":258,"column":35}},"56":{"start":{"line":259,"column":4},"end":{"line":259,"column":74}},"57":{"start":{"line":260,"column":4},"end":{"line":260,"column":35}},"58":{"start":{"line":260,"column":28},"end":{"line":260,"column":33}},"59":{"start":{"line":263,"column":24},"end":{"line":264,"column":26}},"60":{"start":{"line":264,"column":4},"end":{"line":264,"column":26}},"61":{"start":{"line":266,"column":22},"end":{"line":269,"column":3}},"62":{"start":{"line":267,"column":4},"end":{"line":267,"column":26}},"63":{"start":{"line":267,"column":20},"end":{"line":267,"column":24}},"64":{"start":{"line":268,"column":4},"end":{"line":268,"column":28}},"65":{"start":{"line":271,"column":21},"end":{"line":274,"column":6}},"66":{"start":{"line":272,"column":4},"end":{"line":274,"column":6}},"67":{"start":{"line":273,"column":6},"end":{"line":273,"column":35}},"68":{"start":{"line":276,"column":2},"end":{"line":278,"column":36}},"69":{"start":{"line":277,"column":4},"end":{"line":277,"column":17}},"70":{"start":{"line":280,"column":2},"end":{"line":289,"column":4}}},"fnMap":{"0":{"name":"(anonymous_0)","decl":{"start":{"line":39,"column":24},"end":{"line":39,"column":25}},"loc":{"start":{"line":40,"column":2},"end":{"line":42,"column":29}},"line":40},"1":{"name":"(anonymous_1)","decl":{"start":{"line":40,"column":37},"end":{"line":40,"column":38}},"loc":{"start":{"line":40,"column":43},"end":{"line":40,"column":61}},"line":40},"2":{"name":"(anonymous_2)","decl":{"start":{"line":50,"column":28},"end":{"line":50,"column":29}},"loc":{"start":{"line":53,"column":22},"end":{"line":123,"column":1}},"line":53},"3":{"name":"(anonymous_3)","decl":{"start":{"line":58,"column":18},"end":{"line":58,"column":19}},"loc":{"start":{"line":58,"column":24},"end":{"line":60,"column":3}},"line":58},"4":{"name":"(anonymous_4)","decl":{"start":{"line":59,"column":27},"end":{"line":59,"column":28}},"loc":{"start":{"line":59,"column":33},"end":{"line":59,"column":39}},"line":59},"5":{"name":"(anonymous_5)","decl":{"start":{"line":68,"column":23},"end":{"line":68,"column":24}},"loc":{"start":{"line":69,"column":4},"end":{"line":69,"column":50}},"line":69},"6":{"name":"(anonymous_6)","decl":{"start":{"line":69,"column":12},"end":{"line":69,"column":13}},"loc":{"start":{"line":69,"column":23},"end":{"line":69,"column":48}},"line":69},"7":{"name":"(anonymous_7)","decl":{"start":{"line":76,"column":20},"end":{"line":76,"column":21}},"loc":{"start":{"line":76,"column":53},"end":{"line":79,"column":3}},"line":76},"8":{"name":"(anonymous_8)","decl":{"start":{"line":78,"column":12},"end":{"line":78,"column":13}},"loc":{"start":{"line":78,"column":18},"end":{"line":78,"column":30}},"line":78},"9":{"name":"(anonymous_9)","decl":{"start":{"line":89,"column":24},"end":{"line":89,"column":25}},"loc":{"start":{"line":89,"column":35},"end":{"line":89,"column":63}},"line":89},"10":{"name":"(anonymous_10)","decl":{"start":{"line":98,"column":24},"end":{"line":98,"column":25}},"loc":{"start":{"line":98,"column":35},"end":{"line":98,"column":69}},"line":98},"11":{"name":"(anonymous_11)","decl":{"start":{"line":107,"column":19},"end":{"line":107,"column":20}},"loc":{"start":{"line":107,"column":25},"end":{"line":107,"column":40}},"line":107},"12":{"name":"(anonymous_12)","decl":{"start":{"line":131,"column":23},"end":{"line":131,"column":24}},"loc":{"start":{"line":134,"column":11},"end":{"line":144,"column":1}},"line":134},"13":{"name":"(anonymous_13)","decl":{"start":{"line":146,"column":24},"end":{"line":146,"column":25}},"loc":{"start":{"line":146,"column":53},"end":{"line":158,"column":1}},"line":146},"14":{"name":"(anonymous_14)","decl":{"start":{"line":149,"column":43},"end":{"line":149,"column":44}},"loc":{"start":{"line":149,"column":49},"end":{"line":155,"column":3}},"line":149},"15":{"name":"(anonymous_15)","decl":{"start":{"line":151,"column":15},"end":{"line":151,"column":16}},"loc":{"start":{"line":151,"column":21},"end":{"line":154,"column":5}},"line":151},"16":{"name":"(anonymous_16)","decl":{"start":{"line":165,"column":24},"end":{"line":165,"column":25}},"loc":{"start":{"line":171,"column":2},"end":{"line":187,"column":4}},"line":171},"17":{"name":"(anonymous_17)","decl":{"start":{"line":176,"column":18},"end":{"line":176,"column":19}},"loc":{"start":{"line":176,"column":33},"end":{"line":176,"column":38}},"line":176},"18":{"name":"(anonymous_18)","decl":{"start":{"line":177,"column":16},"end":{"line":177,"column":17}},"loc":{"start":{"line":178,"column":6},"end":{"line":185,"column":8}},"line":178},"19":{"name":"(anonymous_19)","decl":{"start":{"line":183,"column":18},"end":{"line":183,"column":19}},"loc":{"start":{"line":183,"column":24},"end":{"line":183,"column":41}},"line":183},"20":{"name":"(anonymous_20)","decl":{"start":{"line":184,"column":16},"end":{"line":184,"column":17}},"loc":{"start":{"line":184,"column":22},"end":{"line":184,"column":34}},"line":184},"21":{"name":"(anonymous_21)","decl":{"start":{"line":197,"column":21},"end":{"line":197,"column":22}},"loc":{"start":{"line":203,"column":2},"end":{"line":205,"column":10}},"line":203},"22":{"name":"(anonymous_22)","decl":{"start":{"line":208,"column":29},"end":{"line":208,"column":30}},"loc":{"start":{"line":209,"column":2},"end":{"line":221,"column":9}},"line":209},"23":{"name":"(anonymous_23)","decl":{"start":{"line":229,"column":25},"end":{"line":229,"column":26}},"loc":{"start":{"line":230,"column":2},"end":{"line":238,"column":13}},"line":230},"24":{"name":"(anonymous_24)","decl":{"start":{"line":246,"column":22},"end":{"line":246,"column":23}},"loc":{"start":{"line":246,"column":57},"end":{"line":290,"column":1}},"line":246},"25":{"name":"(anonymous_25)","decl":{"start":{"line":252,"column":38},"end":{"line":252,"column":39}},"loc":{"start":{"line":252,"column":44},"end":{"line":255,"column":3}},"line":252},"26":{"name":"(anonymous_26)","decl":{"start":{"line":253,"column":22},"end":{"line":253,"column":23}},"loc":{"start":{"line":253,"column":32},"end":{"line":253,"column":37}},"line":253},"27":{"name":"(anonymous_27)","decl":{"start":{"line":254,"column":14},"end":{"line":254,"column":15}},"loc":{"start":{"line":254,"column":21},"end":{"line":254,"column":76}},"line":254},"28":{"name":"(anonymous_28)","decl":{"start":{"line":257,"column":22},"end":{"line":257,"column":23}},"loc":{"start":{"line":257,"column":55},"end":{"line":261,"column":3}},"line":257},"29":{"name":"(anonymous_29)","decl":{"start":{"line":260,"column":22},"end":{"line":260,"column":23}},"loc":{"start":{"line":260,"column":28},"end":{"line":260,"column":33}},"line":260},"30":{"name":"(anonymous_30)","decl":{"start":{"line":263,"column":24},"end":{"line":263,"column":25}},"loc":{"start":{"line":264,"column":4},"end":{"line":264,"column":26}},"line":264},"31":{"name":"(anonymous_31)","decl":{"start":{"line":266,"column":22},"end":{"line":266,"column":23}},"loc":{"start":{"line":266,"column":38},"end":{"line":269,"column":3}},"line":266},"32":{"name":"(anonymous_32)","decl":{"start":{"line":267,"column":14},"end":{"line":267,"column":15}},"loc":{"start":{"line":267,"column":20},"end":{"line":267,"column":24}},"line":267},"33":{"name":"(anonymous_33)","decl":{"start":{"line":271,"column":21},"end":{"line":271,"column":22}},"loc":{"start":{"line":272,"column":4},"end":{"line":274,"column":6}},"line":272},"34":{"name":"(anonymous_34)","decl":{"start":{"line":272,"column":43},"end":{"line":272,"column":44}},"loc":{"start":{"line":272,"column":53},"end":{"line":274,"column":5}},"line":272},"35":{"name":"(anonymous_35)","decl":{"start":{"line":276,"column":18},"end":{"line":276,"column":19}},"loc":{"start":{"line":276,"column":24},"end":{"line":278,"column":3}},"line":276}},"branchMap":{"0":{"loc":{"start":{"line":55,"column":20},"end":{"line":55,"column":52}},"type":"binary-expr","locations":[{"start":{"line":55,"column":20},"end":{"line":55,"column":31}},{"start":{"line":55,"column":35},"end":{"line":55,"column":52}}],"line":55},"1":{"loc":{"start":{"line":59,"column":4},"end":{"line":59,"column":41}},"type":"if","locations":[{"start":{"line":59,"column":4},"end":{"line":59,"column":41}},{"start":{},"end":{}}],"line":59},"2":{"loc":{"start":{"line":114,"column":23},"end":{"line":114,"column":42}},"type":"cond-expr","locations":[{"start":{"line":114,"column":35},"end":{"line":114,"column":38}},{"start":{"line":114,"column":41},"end":{"line":114,"column":42}}],"line":114},"3":{"loc":{"start":{"line":117,"column":13},"end":{"line":117,"column":40}},"type":"cond-expr","locations":[{"start":{"line":117,"column":25},"end":{"line":117,"column":31}},{"start":{"line":117,"column":34},"end":{"line":117,"column":40}}],"line":117},"4":{"loc":{"start":{"line":258,"column":15},"end":{"line":258,"column":35}},"type":"binary-expr","locations":[{"start":{"line":258,"column":15},"end":{"line":258,"column":22}},{"start":{"line":258,"column":26},"end":{"line":258,"column":35}}],"line":258},"5":{"loc":{"start":{"line":259,"column":4},"end":{"line":259,"column":73}},"type":"cond-expr","locations":[{"start":{"line":259,"column":16},"end":{"line":259,"column":36}},{"start":{"line":259,"column":39},"end":{"line":259,"column":73}}],"line":259},"6":{"loc":{"start":{"line":287,"column":7},"end":{"line":287,"column":57}},"type":"binary-expr","locations":[{"start":{"line":287,"column":7},"end":{"line":287,"column":22}},{"start":{"line":287,"column":26},"end":{"line":287,"column":57}}],"line":287}},"s":{"0":1,"1":12,"2":0,"3":1,"4":24,"5":24,"6":24,"7":24,"8":6,"9":1,"10":1,"11":24,"12":4,"13":4,"14":24,"15":2,"16":2,"17":2,"18":24,"19":2,"20":2,"21":2,"22":1,"23":24,"24":1,"25":24,"26":24,"27":0,"28":0,"29":0,"30":0,"31":24,"32":1,"33":24,"34":45,"35":40,"36":1,"37":1,"38":1,"39":24,"40":1,"41":24,"42":1,"43":12,"44":1,"45":25,"46":24,"47":24,"48":24,"49":24,"50":2,"51":2,"52":2,"53":2,"54":24,"55":2,"56":2,"57":2,"58":2,"59":24,"60":1,"61":24,"62":1,"63":1,"64":1,"65":24,"66":10,"67":10,"68":24,"69":10,"70":24},"f":{"0":12,"1":0,"2":24,"3":6,"4":1,"5":4,"6":4,"7":2,"8":2,"9":2,"10":2,"11":2,"12":24,"13":24,"14":0,"15":0,"16":24,"17":45,"18":40,"19":1,"20":1,"21":24,"22":24,"23":12,"24":25,"25":2,"26":2,"27":2,"28":2,"29":2,"30":1,"31":1,"32":1,"33":10,"34":10,"35":10},"b":{"0":[24,15],"1":[1,5],"2":[15,9],"3":[8,16],"4":[2,1],"5":[1,1],"6":[24,12]},"_coverageSchema":"1a1c01bbd47fc00a2c39e90264f33305004495a9","hash":"243922835b27dfee9c574dcf9657c847ac7bdf8d"}
,"/Users/22060947/Documents/Private/App/atask/my-app/src/Containers/Todos/Todos.Styles.tsx": {"path":"/Users/22060947/Documents/Private/App/atask/my-app/src/Containers/Todos/Todos.Styles.tsx","statementMap":{"0":{"start":{"line":10,"column":15},"end":{"line":96,"column":2}},"1":{"start":{"line":60,"column":44},"end":{"line":71,"column":5}}},"fnMap":{"0":{"name":"(anonymous_0)","decl":{"start":{"line":60,"column":19},"end":{"line":60,"column":20}},"loc":{"start":{"line":60,"column":44},"end":{"line":71,"column":5}},"line":60}},"branchMap":{"0":{"loc":{"start":{"line":70,"column":15},"end":{"line":70,"column":34}},"type":"cond-expr","locations":[{"start":{"line":70,"column":27},"end":{"line":70,"column":30}},{"start":{"line":70,"column":33},"end":{"line":70,"column":34}}],"line":70}},"s":{"0":1,"1":24},"f":{"0":24},"b":{"0":[15,9]},"_coverageSchema":"1a1c01bbd47fc00a2c39e90264f33305004495a9","hash":"ee1fe3f3447c28b84ff56def06a2baa0d2a521c6"}
,"/Users/22060947/Documents/Private/App/atask/my-app/src/Utils/platform.utils.ts": {"path":"/Users/22060947/Documents/Private/App/atask/my-app/src/Utils/platform.utils.ts","statementMap":{"0":{"start":{"line":5,"column":25},"end":{"line":5,"column":73}},"1":{"start":{"line":5,"column":31},"end":{"line":5,"column":73}},"2":{"start":{"line":6,"column":21},"end":{"line":6,"column":65}},"3":{"start":{"line":6,"column":27},"end":{"line":6,"column":65}},"4":{"start":{"line":7,"column":21},"end":{"line":7,"column":65}},"5":{"start":{"line":7,"column":27},"end":{"line":7,"column":65}}},"fnMap":{"0":{"name":"(anonymous_0)","decl":{"start":{"line":5,"column":25},"end":{"line":5,"column":26}},"loc":{"start":{"line":5,"column":31},"end":{"line":5,"column":73}},"line":5},"1":{"name":"(anonymous_1)","decl":{"start":{"line":6,"column":21},"end":{"line":6,"column":22}},"loc":{"start":{"line":6,"column":27},"end":{"line":6,"column":65}},"line":6},"2":{"name":"(anonymous_2)","decl":{"start":{"line":7,"column":21},"end":{"line":7,"column":22}},"loc":{"start":{"line":7,"column":27},"end":{"line":7,"column":65}},"line":7}},"branchMap":{},"s":{"0":2,"1":0,"2":2,"3":0,"4":2,"5":2},"f":{"0":0,"1":0,"2":2},"b":{},"_coverageSchema":"1a1c01bbd47fc00a2c39e90264f33305004495a9","hash":"64d0948b56360b9fa2376fdd544b75663cca166c"}
,"/Users/22060947/Documents/Private/App/atask/my-app/src/Utils/Size/size.utils.ts": {"path":"/Users/22060947/Documents/Private/App/atask/my-app/src/Utils/Size/size.utils.ts","statementMap":{"0":{"start":{"line":6,"column":26},"end":{"line":6,"column":50}},"1":{"start":{"line":8,"column":13},"end":{"line":13,"column":1}},"2":{"start":{"line":15,"column":19},"end":{"line":18,"column":1}},"3":{"start":{"line":20,"column":20},"end":{"line":20,"column":27}},"4":{"start":{"line":21,"column":30},"end":{"line":23,"column":1}},"5":{"start":{"line":22,"column":1},"end":{"line":22,"column":23}},"6":{"start":{"line":26,"column":25},"end":{"line":26,"column":103}},"7":{"start":{"line":26,"column":34},"end":{"line":26,"column":102}},"8":{"start":{"line":29,"column":26},"end":{"line":29,"column":77}},"9":{"start":{"line":29,"column":32},"end":{"line":29,"column":76}},"10":{"start":{"line":32,"column":27},"end":{"line":32,"column":80}},"11":{"start":{"line":32,"column":33},"end":{"line":32,"column":79}},"12":{"start":{"line":35,"column":25},"end":{"line":35,"column":70}},"13":{"start":{"line":35,"column":38},"end":{"line":35,"column":69}}},"fnMap":{"0":{"name":"(anonymous_0)","decl":{"start":{"line":21,"column":30},"end":{"line":21,"column":31}},"loc":{"start":{"line":21,"column":41},"end":{"line":23,"column":1}},"line":21},"1":{"name":"(anonymous_1)","decl":{"start":{"line":26,"column":25},"end":{"line":26,"column":26}},"loc":{"start":{"line":26,"column":34},"end":{"line":26,"column":102}},"line":26},"2":{"name":"(anonymous_2)","decl":{"start":{"line":29,"column":26},"end":{"line":29,"column":27}},"loc":{"start":{"line":29,"column":32},"end":{"line":29,"column":76}},"line":29},"3":{"name":"(anonymous_3)","decl":{"start":{"line":32,"column":27},"end":{"line":32,"column":28}},"loc":{"start":{"line":32,"column":33},"end":{"line":32,"column":79}},"line":32},"4":{"name":"(anonymous_4)","decl":{"start":{"line":35,"column":25},"end":{"line":35,"column":26}},"loc":{"start":{"line":35,"column":38},"end":{"line":35,"column":69}},"line":35}},"branchMap":{"0":{"loc":{"start":{"line":26,"column":34},"end":{"line":26,"column":102}},"type":"cond-expr","locations":[{"start":{"line":26,"column":50},"end":{"line":26,"column":54}},{"start":{"line":26,"column":57},"end":{"line":26,"column":102}}],"line":26},"1":{"loc":{"start":{"line":29,"column":32},"end":{"line":29,"column":76}},"type":"cond-expr","locations":[{"start":{"line":29,"column":48},"end":{"line":29,"column":49}},{"start":{"line":29,"column":52},"end":{"line":29,"column":76}}],"line":29},"2":{"loc":{"start":{"line":32,"column":33},"end":{"line":32,"column":79}},"type":"cond-expr","locations":[{"start":{"line":32,"column":49},"end":{"line":32,"column":50}},{"start":{"line":32,"column":53},"end":{"line":32,"column":79}}],"line":32}},"s":{"0":3,"1":3,"2":3,"3":3,"4":3,"5":7,"6":3,"7":145,"8":3,"9":6,"10":3,"11":113,"12":3,"13":1},"f":{"0":7,"1":145,"2":6,"3":113,"4":1},"b":{"0":[1,144],"1":[1,5],"2":[1,112]},"_coverageSchema":"1a1c01bbd47fc00a2c39e90264f33305004495a9","hash":"9e8b0885aca4debf6e6621f812f4b87593f5484e"}
}
