TN:
SF:src/Assets/Assets.ts
FNF:0
FNH:0
DA:4,2
LF:1
LH:1
BRF:0
BRH:0
end_of_record
TN:
SF:src/Components/CardComponent/Card.Component.styles.tsx
FNF:0
FNH:0
DA:5,2
LF:1
LH:1
BRF:0
BRH:0
end_of_record
TN:
SF:src/Components/CardComponent/Card.Component.tsx
FN:9,(anonymous_0)
FN:16,(anonymous_1)
FN:20,(anonymous_2)
FN:32,(anonymous_3)
FN:46,(anonymous_4)
FN:60,(anonymous_5)
FN:67,(anonymous_6)
FN:77,(anonymous_7)
FN:84,(anonymous_8)
FNF:9
FNH:9
FNDA:45,(anonymous_0)
FNDA:45,(anonymous_1)
FNDA:45,(anonymous_2)
FNDA:45,(anonymous_3)
FNDA:45,(anonymous_4)
FNDA:45,(anonymous_5)
FNDA:1,(anonymous_6)
FNDA:45,(anonymous_7)
FNDA:45,(anonymous_8)
DA:9,2
DA:10,45
DA:11,45
DA:16,2
DA:17,45
DA:20,2
DA:21,45
DA:32,2
DA:33,45
DA:46,2
DA:47,45
DA:60,2
DA:61,45
DA:67,2
DA:68,1
DA:77,2
DA:78,45
DA:84,2
DA:85,45
LF:19
LH:19
BRDA:10,0,0,45
BRDA:10,0,1,0
BRDA:11,1,0,0
BRDA:11,1,1,45
BRDA:86,2,0,45
BRDA:86,2,1,1
BRF:6
BRH:4
end_of_record
TN:
SF:src/Components/FallbackComponent/Fallback.Component.tsx
FN:4,(anonymous_0)
FNF:1
FNH:0
FNDA:0,(anonymous_0)
DA:4,1
DA:5,0
LF:2
LH:1
BRF:0
BRH:0
end_of_record
TN:
SF:src/Constants/Constants.ts
FNF:0
FNH:0
DA:1,4
DA:9,4
DA:15,4
DA:20,4
LF:4
LH:4
BRF:0
BRH:0
end_of_record
TN:
SF:src/Containers/Intro/Intro.Component.styles.tsx
FNF:0
FNH:0
DA:4,2
LF:1
LH:1
BRF:0
BRH:0
end_of_record
TN:
SF:src/Containers/Intro/Intro.Component.tsx
FN:24,(anonymous_0)
FN:30,(anonymous_1)
FN:36,(anonymous_2)
FN:42,(anonymous_3)
FN:49,(anonymous_4)
FN:55,(anonymous_5)
FN:61,(anonymous_6)
FN:77,(anonymous_7)
FN:79,(anonymous_8)
FN:80,(anonymous_9)
FN:82,(anonymous_10)
FN:89,(anonymous_11)
FN:90,(anonymous_12)
FN:92,(anonymous_13)
FN:97,(anonymous_14)
FN:98,(anonymous_15)
FN:100,(anonymous_16)
FN:107,(anonymous_17)
FN:109,(anonymous_18)
FN:109,(anonymous_19)
FN:110,(anonymous_20)
FN:113,(anonymous_21)
FNF:22
FNH:18
FNDA:10,(anonymous_0)
FNDA:12,(anonymous_1)
FNDA:1,(anonymous_2)
FNDA:1,(anonymous_3)
FNDA:12,(anonymous_4)
FNDA:12,(anonymous_5)
FNDA:0,(anonymous_6)
FNDA:5,(anonymous_7)
FNDA:5,(anonymous_8)
FNDA:0,(anonymous_9)
FNDA:2,(anonymous_10)
FNDA:2,(anonymous_11)
FNDA:0,(anonymous_12)
FNDA:14,(anonymous_13)
FNDA:2,(anonymous_14)
FNDA:2,(anonymous_15)
FNDA:2,(anonymous_16)
FNDA:5,(anonymous_17)
FNDA:5,(anonymous_18)
FNDA:5,(anonymous_19)
FNDA:0,(anonymous_20)
FNDA:7,(anonymous_21)
DA:22,2
DA:24,2
DA:25,10
DA:30,2
DA:31,12
DA:36,1
DA:42,1
DA:49,2
DA:50,12
DA:55,2
DA:56,12
DA:61,2
DA:62,0
DA:77,2
DA:78,5
DA:79,5
DA:80,0
DA:82,2
DA:83,2
DA:89,2
DA:90,0
DA:92,2
DA:93,14
DA:97,12
DA:98,2
DA:100,12
DA:101,2
DA:102,2
DA:104,0
DA:107,12
DA:108,5
DA:109,5
DA:110,0
DA:113,12
DA:114,7
DA:116,2
DA:119,12
LF:37
LH:32
BRDA:33,0,0,12
BRDA:33,0,1,5
BRDA:39,1,0,12
BRDA:39,1,1,5
BRDA:102,2,0,2
BRDA:102,2,1,0
BRDA:114,3,0,5
BRDA:114,3,1,2
BRDA:123,4,0,12
BRDA:123,4,1,0
BRF:10
BRH:8
end_of_record
TN:
SF:src/Containers/Todos/Todos.Component.config.tsx
FNF:0
FNH:0
DA:1,1
LF:1
LH:1
BRF:0
BRH:0
end_of_record
TN:
SF:src/Containers/Todos/Todos.Component.tsx
FN:39,(anonymous_0)
FN:40,(anonymous_1)
FN:50,(anonymous_2)
FN:58,(anonymous_3)
FN:59,(anonymous_4)
FN:68,(anonymous_5)
FN:69,(anonymous_6)
FN:76,(anonymous_7)
FN:78,(anonymous_8)
FN:89,(anonymous_9)
FN:98,(anonymous_10)
FN:107,(anonymous_11)
FN:131,(anonymous_12)
FN:146,(anonymous_13)
FN:149,(anonymous_14)
FN:151,(anonymous_15)
FN:165,(anonymous_16)
FN:176,(anonymous_17)
FN:177,(anonymous_18)
FN:183,(anonymous_19)
FN:184,(anonymous_20)
FN:197,(anonymous_21)
FN:208,(anonymous_22)
FN:226,(anonymous_23)
FN:243,(anonymous_24)
FN:249,(anonymous_25)
FN:250,(anonymous_26)
FN:251,(anonymous_27)
FN:254,(anonymous_28)
FN:257,(anonymous_29)
FN:260,(anonymous_30)
FN:263,(anonymous_31)
FN:264,(anonymous_32)
FN:268,(anonymous_33)
FN:269,(anonymous_34)
FN:273,(anonymous_35)
FNF:36
FNH:33
FNDA:12,(anonymous_0)
FNDA:0,(anonymous_1)
FNDA:24,(anonymous_2)
FNDA:6,(anonymous_3)
FNDA:1,(anonymous_4)
FNDA:4,(anonymous_5)
FNDA:4,(anonymous_6)
FNDA:2,(anonymous_7)
FNDA:2,(anonymous_8)
FNDA:2,(anonymous_9)
FNDA:2,(anonymous_10)
FNDA:2,(anonymous_11)
FNDA:24,(anonymous_12)
FNDA:24,(anonymous_13)
FNDA:0,(anonymous_14)
FNDA:0,(anonymous_15)
FNDA:24,(anonymous_16)
FNDA:45,(anonymous_17)
FNDA:40,(anonymous_18)
FNDA:1,(anonymous_19)
FNDA:1,(anonymous_20)
FNDA:24,(anonymous_21)
FNDA:24,(anonymous_22)
FNDA:12,(anonymous_23)
FNDA:25,(anonymous_24)
FNDA:2,(anonymous_25)
FNDA:2,(anonymous_26)
FNDA:2,(anonymous_27)
FNDA:2,(anonymous_28)
FNDA:2,(anonymous_29)
FNDA:1,(anonymous_30)
FNDA:1,(anonymous_31)
FNDA:1,(anonymous_32)
FNDA:10,(anonymous_33)
FNDA:10,(anonymous_34)
FNDA:10,(anonymous_35)
DA:39,1
DA:40,12
DA:50,1
DA:54,24
DA:55,24
DA:56,24
DA:58,24
DA:59,6
DA:68,24
DA:69,4
DA:76,24
DA:77,2
DA:78,2
DA:81,24
DA:89,2
DA:98,2
DA:107,2
DA:131,1
DA:134,24
DA:146,1
DA:147,24
DA:149,24
DA:150,0
DA:151,0
DA:152,0
DA:153,0
DA:157,24
DA:165,1
DA:171,24
DA:176,45
DA:178,40
DA:183,1
DA:184,1
DA:197,1
DA:203,24
DA:208,1
DA:209,24
DA:226,1
DA:227,12
DA:243,1
DA:244,25
DA:245,24
DA:246,24
DA:247,24
DA:249,24
DA:250,2
DA:251,2
DA:254,24
DA:255,2
DA:256,2
DA:257,2
DA:260,24
DA:261,1
DA:263,24
DA:264,1
DA:265,1
DA:268,24
DA:269,10
DA:270,10
DA:273,24
DA:274,10
DA:277,24
LF:62
LH:58
BRDA:55,0,0,24
BRDA:55,0,1,15
BRDA:59,1,0,1
BRDA:59,1,1,5
BRDA:114,2,0,15
BRDA:114,2,1,9
BRDA:117,3,0,8
BRDA:117,3,1,16
BRDA:255,4,0,2
BRDA:255,4,1,1
BRDA:256,5,0,1
BRDA:256,5,1,1
BRDA:284,6,0,24
BRDA:284,6,1,12
BRF:14
BRH:14
end_of_record
TN:
SF:src/Containers/Todos/Todos.Styles.tsx
FN:60,(anonymous_0)
FNF:1
FNH:1
FNDA:24,(anonymous_0)
DA:10,1
DA:60,24
LF:2
LH:2
BRDA:70,0,0,15
BRDA:70,0,1,9
BRF:2
BRH:2
end_of_record
TN:
SF:src/Utils/platform.utils.ts
FN:5,(anonymous_0)
FN:6,(anonymous_1)
FN:7,(anonymous_2)
FNF:3
FNH:1
FNDA:0,(anonymous_0)
FNDA:0,(anonymous_1)
FNDA:2,(anonymous_2)
DA:5,2
DA:6,2
DA:7,2
LF:3
LH:3
BRF:0
BRH:0
end_of_record
TN:
SF:src/Utils/Size/size.utils.ts
FN:21,(anonymous_0)
FN:26,(anonymous_1)
FN:29,(anonymous_2)
FN:32,(anonymous_3)
FN:35,(anonymous_4)
FNF:5
FNH:5
FNDA:7,(anonymous_0)
FNDA:143,(anonymous_1)
FNDA:6,(anonymous_2)
FNDA:136,(anonymous_3)
FNDA:1,(anonymous_4)
DA:6,3
DA:8,3
DA:15,3
DA:20,3
DA:21,3
DA:22,7
DA:26,143
DA:29,6
DA:32,136
DA:35,3
LF:10
LH:10
BRDA:26,0,0,1
BRDA:26,0,1,142
BRDA:29,1,0,1
BRDA:29,1,1,5
BRDA:32,2,0,1
BRDA:32,2,1,135
BRF:6
BRH:6
end_of_record
